Determining if the include file cxxabi.h exists failed with the following output:
Change Dir: /Users/yuezhen/Desktop/SMU/CCA/Hackathon/code/superDUR/packages/build/CMakeFiles/CMakeScratch/TryCompile-K9TfqI

Run Build Command(s):/usr/bin/make -f Makefile cmTC_7a59a/fast && /Library/Developer/CommandLineTools/usr/bin/make  -f CMakeFiles/cmTC_7a59a.dir/build.make CMakeFiles/cmTC_7a59a.dir/build
Building CXX object CMakeFiles/cmTC_7a59a.dir/CheckIncludeFile.cxx.o
/Library/Developer/CommandLineTools/usr/bin/c++   -std=c++17 -fopenmp  -arch arm64 -isysroot /Library/Developer/CommandLineTools/SDKs/MacOSX12.3.sdk -MD -MT CMakeFiles/cmTC_7a59a.dir/CheckIncludeFile.cxx.o -MF CMakeFiles/cmTC_7a59a.dir/CheckIncludeFile.cxx.o.d -o CMakeFiles/cmTC_7a59a.dir/CheckIncludeFile.cxx.o -c /Users/yuezhen/Desktop/SMU/CCA/Hackathon/code/superDUR/packages/build/CMakeFiles/CMakeScratch/TryCompile-K9TfqI/CheckIncludeFile.cxx
clang: error: unsupported option '-fopenmp'
make[1]: *** [CMakeFiles/cmTC_7a59a.dir/CheckIncludeFile.cxx.o] Error 1
make: *** [cmTC_7a59a/fast] Error 2



Determining if files bfd.h exist failed with the following output:
Change Dir: /Users/yuezhen/Desktop/SMU/CCA/Hackathon/code/superDUR/packages/build/CMakeFiles/CMakeScratch/TryCompile-tDf7kz

Run Build Command(s):/usr/bin/make -f Makefile cmTC_36a8f/fast && /Library/Developer/CommandLineTools/usr/bin/make  -f CMakeFiles/cmTC_36a8f.dir/build.make CMakeFiles/cmTC_36a8f.dir/build
Building C object CMakeFiles/cmTC_36a8f.dir/HAVE_BFD_H.c.o
/Library/Developer/CommandLineTools/usr/bin/cc   -arch arm64 -isysroot /Library/Developer/CommandLineTools/SDKs/MacOSX12.3.sdk -MD -MT CMakeFiles/cmTC_36a8f.dir/HAVE_BFD_H.c.o -MF CMakeFiles/cmTC_36a8f.dir/HAVE_BFD_H.c.o.d -o CMakeFiles/cmTC_36a8f.dir/HAVE_BFD_H.c.o -c /Users/yuezhen/Desktop/SMU/CCA/Hackathon/code/superDUR/packages/build/CMakeFiles/CMakeScratch/TryCompile-tDf7kz/HAVE_BFD_H.c
/Users/yuezhen/Desktop/SMU/CCA/Hackathon/code/superDUR/packages/build/CMakeFiles/CMakeScratch/TryCompile-tDf7kz/HAVE_BFD_H.c:2:10: fatal error: 'bfd.h' file not found
#include <bfd.h>
         ^~~~~~~
1 error generated.
make[1]: *** [CMakeFiles/cmTC_36a8f.dir/HAVE_BFD_H.c.o] Error 1
make: *** [cmTC_36a8f/fast] Error 2


Source:
/* */
#include <bfd.h>


int main(void){return 0;}

Determining if files libiberty.h exist failed with the following output:
Change Dir: /Users/yuezhen/Desktop/SMU/CCA/Hackathon/code/superDUR/packages/build/CMakeFiles/CMakeScratch/TryCompile-MJlqEI

Run Build Command(s):/usr/bin/make -f Makefile cmTC_c58a5/fast && /Library/Developer/CommandLineTools/usr/bin/make  -f CMakeFiles/cmTC_c58a5.dir/build.make CMakeFiles/cmTC_c58a5.dir/build
Building C object CMakeFiles/cmTC_c58a5.dir/HAVE_IBERTY_H.c.o
/Library/Developer/CommandLineTools/usr/bin/cc   -arch arm64 -isysroot /Library/Developer/CommandLineTools/SDKs/MacOSX12.3.sdk -MD -MT CMakeFiles/cmTC_c58a5.dir/HAVE_IBERTY_H.c.o -MF CMakeFiles/cmTC_c58a5.dir/HAVE_IBERTY_H.c.o.d -o CMakeFiles/cmTC_c58a5.dir/HAVE_IBERTY_H.c.o -c /Users/yuezhen/Desktop/SMU/CCA/Hackathon/code/superDUR/packages/build/CMakeFiles/CMakeScratch/TryCompile-MJlqEI/HAVE_IBERTY_H.c
/Users/yuezhen/Desktop/SMU/CCA/Hackathon/code/superDUR/packages/build/CMakeFiles/CMakeScratch/TryCompile-MJlqEI/HAVE_IBERTY_H.c:2:10: fatal error: 'libiberty.h' file not found
#include <libiberty.h>
         ^~~~~~~~~~~~~
1 error generated.
make[1]: *** [CMakeFiles/cmTC_c58a5.dir/HAVE_IBERTY_H.c.o] Error 1
make: *** [cmTC_c58a5/fast] Error 2


Source:
/* */
#include <libiberty.h>


int main(void){return 0;}

Determining if the include file parallel/algorithm exists failed with the following output:
Change Dir: /Users/yuezhen/Desktop/SMU/CCA/Hackathon/code/superDUR/packages/build/CMakeFiles/CMakeScratch/TryCompile-vqzyBy

Run Build Command(s):/usr/bin/make -f Makefile cmTC_689c7/fast && /Library/Developer/CommandLineTools/usr/bin/make  -f CMakeFiles/cmTC_689c7.dir/build.make CMakeFiles/cmTC_689c7.dir/build
Building CXX object CMakeFiles/cmTC_689c7.dir/CheckIncludeFile.cxx.o
/Library/Developer/CommandLineTools/usr/bin/c++   -std=c++17 -fopenmp  -arch arm64 -isysroot /Library/Developer/CommandLineTools/SDKs/MacOSX12.3.sdk -MD -MT CMakeFiles/cmTC_689c7.dir/CheckIncludeFile.cxx.o -MF CMakeFiles/cmTC_689c7.dir/CheckIncludeFile.cxx.o.d -o CMakeFiles/cmTC_689c7.dir/CheckIncludeFile.cxx.o -c /Users/yuezhen/Desktop/SMU/CCA/Hackathon/code/superDUR/packages/build/CMakeFiles/CMakeScratch/TryCompile-vqzyBy/CheckIncludeFile.cxx
clang: error: unsupported option '-fopenmp'
make[1]: *** [CMakeFiles/cmTC_689c7.dir/CheckIncludeFile.cxx.o] Error 1
make: *** [cmTC_689c7/fast] Error 2



